0 info it worked if it ends with ok
1 verbose cli [ '/usr/bin/node', '/usr/bin/npm', 'install', '-g', 'gulp-notify' ]
2 info using npm@1.4.28
3 info using node@v0.10.37
4 verbose node symlink /usr/bin/node
5 verbose cache add [ 'gulp-notify', null ]
6 verbose cache add name=undefined spec="gulp-notify" args=["gulp-notify",null]
7 verbose parsed url { protocol: null,
7 verbose parsed url   slashes: null,
7 verbose parsed url   auth: null,
7 verbose parsed url   host: null,
7 verbose parsed url   port: null,
7 verbose parsed url   hostname: null,
7 verbose parsed url   hash: null,
7 verbose parsed url   search: null,
7 verbose parsed url   query: null,
7 verbose parsed url   pathname: 'gulp-notify',
7 verbose parsed url   path: 'gulp-notify',
7 verbose parsed url   href: 'gulp-notify' }
8 silly lockFile 6a726d29-gulp-notify gulp-notify
9 verbose lock gulp-notify /home/midas/.npm/6a726d29-gulp-notify.lock
10 silly lockFile 6a726d29-gulp-notify gulp-notify
11 silly lockFile 6a726d29-gulp-notify gulp-notify
12 verbose addNamed [ 'gulp-notify', '' ]
13 verbose addNamed [ null, '*' ]
14 silly lockFile 6b689132-gulp-notify gulp-notify@
15 verbose lock gulp-notify@ /home/midas/.npm/6b689132-gulp-notify.lock
16 silly addNameRange { name: 'gulp-notify', range: '*', hasData: false }
17 verbose request where is /gulp-notify
18 verbose request registry https://registry.npmjs.org/
19 verbose request id dbcc0547c875feaf
20 verbose url raw /gulp-notify
21 verbose url resolving [ 'https://registry.npmjs.org/', './gulp-notify' ]
22 verbose url resolved https://registry.npmjs.org/gulp-notify
23 verbose request where is https://registry.npmjs.org/gulp-notify
24 info trying registry request attempt 1 at 10:48:41
25 http GET https://registry.npmjs.org/gulp-notify
26 http 200 https://registry.npmjs.org/gulp-notify
27 silly registry.get cb [ 200,
27 silly registry.get   { server: 'CouchDB/1.5.0 (Erlang OTP/R16B03)',
27 silly registry.get     etag: '"D5L1VHF84N1WF3L0IE7N2ZEET"',
27 silly registry.get     'content-type': 'application/json',
27 silly registry.get     'cache-control': 'max-age=60',
27 silly registry.get     'content-length': '75067',
27 silly registry.get     'accept-ranges': 'bytes',
27 silly registry.get     date: 'Wed, 25 Nov 2015 15:48:41 GMT',
27 silly registry.get     via: '1.1 varnish',
27 silly registry.get     age: '46',
27 silly registry.get     connection: 'keep-alive',
27 silly registry.get     'x-served-by': 'cache-iad2139-IAD',
27 silly registry.get     'x-cache': 'HIT',
27 silly registry.get     'x-cache-hits': '1',
27 silly registry.get     'x-timer': 'S1448466521.255248,VS0,VE0',
27 silly registry.get     vary: 'Accept' } ]
28 silly addNameRange number 2 { name: 'gulp-notify', range: '*', hasData: true }
29 silly addNameRange versions [ 'gulp-notify',
29 silly addNameRange   [ '0.0.5',
29 silly addNameRange     '0.0.6',
29 silly addNameRange     '0.0.7',
29 silly addNameRange     '0.0.8',
29 silly addNameRange     '0.1.0',
29 silly addNameRange     '0.2.0',
29 silly addNameRange     '0.3.0',
29 silly addNameRange     '0.3.2',
29 silly addNameRange     '0.3.3',
29 silly addNameRange     '0.3.4',
29 silly addNameRange     '0.3.4-1',
29 silly addNameRange     '0.3.4-2',
29 silly addNameRange     '0.3.5-0',
29 silly addNameRange     '0.4.0',
29 silly addNameRange     '0.4.1',
29 silly addNameRange     '0.4.2',
29 silly addNameRange     '0.4.3',
29 silly addNameRange     '0.4.5',
29 silly addNameRange     '0.4.6',
29 silly addNameRange     '0.5.0',
29 silly addNameRange     '0.5.1',
29 silly addNameRange     '0.6.0',
29 silly addNameRange     '0.6.1',
29 silly addNameRange     '0.6.2',
29 silly addNameRange     '1.0.0-beta',
29 silly addNameRange     '1.1.0',
29 silly addNameRange     '1.1.1',
29 silly addNameRange     '1.2.0',
29 silly addNameRange     '1.2.1',
29 silly addNameRange     '1.2.2',
29 silly addNameRange     '1.2.4',
29 silly addNameRange     '1.2.5',
29 silly addNameRange     '1.2.6',
29 silly addNameRange     '1.3.0',
29 silly addNameRange     '1.3.1',
29 silly addNameRange     '1.4.0',
29 silly addNameRange     '1.4.1',
29 silly addNameRange     '1.4.2',
29 silly addNameRange     '1.5.0',
29 silly addNameRange     '1.5.1',
29 silly addNameRange     '1.6.0',
29 silly addNameRange     '1.7.0',
29 silly addNameRange     '1.7.1',
29 silly addNameRange     '1.8.0',
29 silly addNameRange     '2.0.0',
29 silly addNameRange     '2.0.1',
29 silly addNameRange     '2.1.0',
29 silly addNameRange     '2.2.0' ] ]
30 verbose addNamed [ 'gulp-notify', '2.2.0' ]
31 verbose addNamed [ '2.2.0', '2.2.0' ]
32 silly lockFile 7dcdb195-gulp-notify-2-2-0 gulp-notify@2.2.0
33 verbose lock gulp-notify@2.2.0 /home/midas/.npm/7dcdb195-gulp-notify-2-2-0.lock
34 silly lockFile 568d90be-ulp-notify-gulp-notify-2-2-0-tgz https://registry.npmjs.org/gulp-notify/-/gulp-notify-2.2.0.tgz
35 verbose lock https://registry.npmjs.org/gulp-notify/-/gulp-notify-2.2.0.tgz /home/midas/.npm/568d90be-ulp-notify-gulp-notify-2-2-0-tgz.lock
36 verbose addRemoteTarball [ 'https://registry.npmjs.org/gulp-notify/-/gulp-notify-2.2.0.tgz',
36 verbose addRemoteTarball   '046c8285c292e97eed4e15a009c26cbbe5cef135' ]
37 info retry fetch attempt 1 at 10:48:42
38 verbose fetch to= /tmp/npm-15330-WDiBeatz/registry.npmjs.org/gulp-notify/-/gulp-notify-2.2.0.tgz
39 http GET https://registry.npmjs.org/gulp-notify/-/gulp-notify-2.2.0.tgz
40 http 200 https://registry.npmjs.org/gulp-notify/-/gulp-notify-2.2.0.tgz
41 silly lockFile 568d90be-ulp-notify-gulp-notify-2-2-0-tgz https://registry.npmjs.org/gulp-notify/-/gulp-notify-2.2.0.tgz
42 silly lockFile 568d90be-ulp-notify-gulp-notify-2-2-0-tgz https://registry.npmjs.org/gulp-notify/-/gulp-notify-2.2.0.tgz
43 silly lockFile 7dcdb195-gulp-notify-2-2-0 gulp-notify@2.2.0
44 silly lockFile 7dcdb195-gulp-notify-2-2-0 gulp-notify@2.2.0
45 silly lockFile 6b689132-gulp-notify gulp-notify@
46 silly lockFile 6b689132-gulp-notify gulp-notify@
47 silly resolved [ { name: 'gulp-notify',
47 silly resolved     version: '2.2.0',
47 silly resolved     description: 'gulp plugin to send messages based on Vinyl Files or Errors to Mac OS X, Linux or Windows using the node-notifier module. Fallbacks to Growl or simply logging',
47 silly resolved     keywords:
47 silly resolved      [ 'gulpplugin',
47 silly resolved        'notify',
47 silly resolved        'gulp',
47 silly resolved        'notification',
47 silly resolved        'reporter',
47 silly resolved        'windows notification',
47 silly resolved        'mac notification',
47 silly resolved        'notify-send',
47 silly resolved        'notify-osd',
47 silly resolved        'growl' ],
47 silly resolved     homepage: 'https://github.com/mikaelbr/gulp-notify',
47 silly resolved     bugs: { url: 'https://github.com/mikaelbr/gulp-notify/issues' },
47 silly resolved     author:
47 silly resolved      { name: 'Mikael Brevik',
47 silly resolved        email: 'mikaelbre@gmail.com',
47 silly resolved        url: 'https://github.com/mikaelbr' },
47 silly resolved     main: './index.js',
47 silly resolved     repository:
47 silly resolved      { type: 'git',
47 silly resolved        url: 'git://github.com/mikaelbr/gulp-notify.git' },
47 silly resolved     scripts: { test: 'mocha -R spec' },
47 silly resolved     dependencies:
47 silly resolved      { 'gulp-util': '^3.0.2',
47 silly resolved        'lodash.template': '^3.0.0',
47 silly resolved        'node-notifier': '^4.1.0',
47 silly resolved        'node.extend': '^1.1.3',
47 silly resolved        through2: '^0.6.3' },
47 silly resolved     devDependencies:
47 silly resolved      { gulp: '^3.8.10',
47 silly resolved        'gulp-plumber': '^0.6.6',
47 silly resolved        mocha: '^2.1.0',
47 silly resolved        should: '^4.6.1' },
47 silly resolved     engines: { node: '>=0.8.0', npm: '>=1.2.10' },
47 silly resolved     licenses: [ [Object] ],
47 silly resolved     gitHead: '5b44fcfa33d9b58740be3f32bdcdc7385a287768',
47 silly resolved     _id: 'gulp-notify@2.2.0',
47 silly resolved     _shasum: '046c8285c292e97eed4e15a009c26cbbe5cef135',
47 silly resolved     _from: 'gulp-notify@',
47 silly resolved     _npmVersion: '2.1.2',
47 silly resolved     _nodeVersion: '0.10.21',
47 silly resolved     _npmUser: { name: 'mikaelb', email: 'mikaelbre@gmail.com' },
47 silly resolved     maintainers: [ [Object] ],
47 silly resolved     dist:
47 silly resolved      { shasum: '046c8285c292e97eed4e15a009c26cbbe5cef135',
47 silly resolved        tarball: 'http://registry.npmjs.org/gulp-notify/-/gulp-notify-2.2.0.tgz' },
47 silly resolved     directories: {},
47 silly resolved     _resolved: 'https://registry.npmjs.org/gulp-notify/-/gulp-notify-2.2.0.tgz' } ]
48 info install gulp-notify@2.2.0 into /usr/lib
49 info installOne gulp-notify@2.2.0
50 verbose lib/node_modules/gulp-notify unbuild
51 verbose tar unpack /home/midas/.npm/gulp-notify/2.2.0/package.tgz
52 silly lockFile 16f9b7e2-usr-lib-node-modules-gulp-notify tar:///usr/lib/node_modules/gulp-notify
53 verbose lock tar:///usr/lib/node_modules/gulp-notify /home/midas/.npm/16f9b7e2-usr-lib-node-modules-gulp-notify.lock
54 silly lockFile 011e0fc8-pm-gulp-notify-2-2-0-package-tgz tar:///home/midas/.npm/gulp-notify/2.2.0/package.tgz
55 verbose lock tar:///home/midas/.npm/gulp-notify/2.2.0/package.tgz /home/midas/.npm/011e0fc8-pm-gulp-notify-2-2-0-package-tgz.lock
56 silly gunzTarPerm modes [ '775', '664' ]
57 error Error: EACCES, mkdir '/usr/lib/node_modules/gulp-notify'
57 error  { [Error: EACCES, mkdir '/usr/lib/node_modules/gulp-notify']
57 error   errno: 3,
57 error   code: 'EACCES',
57 error   path: '/usr/lib/node_modules/gulp-notify',
57 error   fstream_type: 'Directory',
57 error   fstream_path: '/usr/lib/node_modules/gulp-notify',
57 error   fstream_class: 'DirWriter',
57 error   fstream_stack:
57 error    [ '/usr/lib/node_modules/npm/node_modules/fstream/lib/dir-writer.js:36:23',
57 error      '/usr/lib/node_modules/npm/node_modules/mkdirp/index.js:46:53',
57 error      'Object.oncomplete (fs.js:108:15)' ] }
58 error Please try running this command again as root/Administrator.
59 error System Linux 3.13.0-62-generic
60 error command "/usr/bin/node" "/usr/bin/npm" "install" "-g" "gulp-notify"
61 error cwd /home/midas/Escritorio/pruebasTicDev/pruebasTic
62 error node -v v0.10.37
63 error npm -v 1.4.28
64 error path /usr/lib/node_modules/gulp-notify
65 error fstream_path /usr/lib/node_modules/gulp-notify
66 error fstream_type Directory
67 error fstream_class DirWriter
68 error code EACCES
69 error errno 3
70 error stack Error: EACCES, mkdir '/usr/lib/node_modules/gulp-notify'
71 error fstream_stack /usr/lib/node_modules/npm/node_modules/fstream/lib/dir-writer.js:36:23
71 error fstream_stack /usr/lib/node_modules/npm/node_modules/mkdirp/index.js:46:53
71 error fstream_stack Object.oncomplete (fs.js:108:15)
72 verbose exit [ 3, true ]
